2018-11-21T13:24:19.872995: Message: Text 'do 08.11.2012' could not be parsed at index 0, Trace:     java.base/java.time.format.DateTimeFormatter.parseResolved0(DateTimeFormatter.java:1988)
    java.base/java.time.format.DateTimeFormatter.parse(DateTimeFormatter.java:1890)
    java.base/java.time.LocalDate.parse(LocalDate.java:428)
    pkgData.Database.selectProducers(Database.java:139)
    pkgController.Controller_Main.doFillListProducers(Controller_Main.java:196)
2018-11-21T13:25:23.238953: Message: Text 'do. 08.11.2012' could not be parsed at index 0, Trace:     java.base/java.time.format.DateTimeFormatter.parseResolved0(DateTimeFormatter.java:1988)
    java.base/java.time.format.DateTimeFormatter.parse(DateTimeFormatter.java:1890)
    java.base/java.time.LocalDate.parse(LocalDate.java:428)
    pkgData.Database.selectProducers(Database.java:139)
    pkgController.Controller_Main.doFillListProducers(Controller_Main.java:196)
2018-11-21T13:27:00.758410: Message: Text 'Do, 08.11.2012' could not be parsed at index 0, Trace:     java.base/java.time.format.DateTimeFormatter.parseResolved0(DateTimeFormatter.java:1988)
    java.base/java.time.format.DateTimeFormatter.parse(DateTimeFormatter.java:1890)
    java.base/java.time.LocalDate.parse(LocalDate.java:428)
    pkgData.Database.selectProducers(Database.java:139)
    pkgController.Controller_Main.doFillListProducers(Controller_Main.java:196)
2018-11-21T13:28:10.449474: Message: Text 'Do, 08.11.2012' could not be parsed at index 0, Trace:     java.base/java.time.format.DateTimeFormatter.parseResolved0(DateTimeFormatter.java:1988)
    java.base/java.time.format.DateTimeFormatter.parse(DateTimeFormatter.java:1890)
    java.base/java.time.LocalDate.parse(LocalDate.java:428)
    pkgData.Database.selectProducers(Database.java:138)
    pkgController.Controller_Main.doFillListProducers(Controller_Main.java:196)
2018-11-21T13:30:47.734377: Message: Text 'Do, 08.11.2012' could not be parsed at index 0, Trace:     java.base/java.time.format.DateTimeFormatter.parseResolved0(DateTimeFormatter.java:1988)
    java.base/java.time.format.DateTimeFormatter.parse(DateTimeFormatter.java:1890)
    java.base/java.time.LocalDate.parse(LocalDate.java:428)
    pkgData.Database.selectProducers(Database.java:138)
    pkgController.Controller_Main.doFillListProducers(Controller_Main.java:196)
