2018-10-25T09:21:03.217554: Message: An answer has to be selected to perform this operation, Trace:     pkgController.QuizController.doDeleteAnswer(QuizController.java:372)
    pkgController.QuizController.onSelectMenuAnswer(QuizController.java:230)
    java.base/jdk.internal.reflect.NativeMethodAccessorImpl.invoke0(Native Method)
    java.base/jdk.internal.reflect.NativeMethodAccessorImpl.invoke(NativeMethodAccessorImpl.java:62)
    java.base/jdk.internal.reflect.DelegatingMethodAccessorImpl.invoke(DelegatingMethodAccessorImpl.java:43)
2018-10-25T09:21:07.820021: Message: An answer has to be selected to perform this operation, Trace:     pkgController.QuizController.doUpdateAnswer(QuizController.java:357)
    pkgController.QuizController.onSelectMenuAnswer(QuizController.java:227)
    java.base/jdk.internal.reflect.NativeMethodAccessorImpl.invoke0(Native Method)
    java.base/jdk.internal.reflect.NativeMethodAccessorImpl.invoke(NativeMethodAccessorImpl.java:62)
    java.base/jdk.internal.reflect.DelegatingMethodAccessorImpl.invoke(DelegatingMethodAccessorImpl.java:43)
2018-10-25T09:21:16.779234: Message: A question has to be selected to perform this operation, Trace:     pkgController.QuizController.doDeleteQuestion(QuizController.java:441)
    pkgController.QuizController.onSelectMenuQuestion(QuizController.java:185)
    java.base/jdk.internal.reflect.NativeMethodAccessorImpl.invoke0(Native Method)
    java.base/jdk.internal.reflect.NativeMethodAccessorImpl.invoke(NativeMethodAccessorImpl.java:62)
    java.base/jdk.internal.reflect.DelegatingMethodAccessorImpl.invoke(DelegatingMethodAccessorImpl.java:43)
2018-10-25T09:21:23.842540: Message: Please enter all data for updating a quiz, Trace:     pkgController.QuizController.doUpdateQuestion(QuizController.java:429)
    pkgController.QuizController.onSelectMenuQuestion(QuizController.java:188)
    java.base/jdk.internal.reflect.NativeMethodAccessorImpl.invoke0(Native Method)
    java.base/jdk.internal.reflect.NativeMethodAccessorImpl.invoke(NativeMethodAccessorImpl.java:62)
    java.base/jdk.internal.reflect.DelegatingMethodAccessorImpl.invoke(DelegatingMethodAccessorImpl.java:43)
2018-10-25T09:21:28.573456: Message: Please enter all data for updating a quiz, Trace:     pkgController.QuizController.doUpdateQuestion(QuizController.java:429)
    pkgController.QuizController.onSelectMenuQuestion(QuizController.java:188)
    java.base/jdk.internal.reflect.NativeMethodAccessorImpl.invoke0(Native Method)
    java.base/jdk.internal.reflect.NativeMethodAccessorImpl.invoke(NativeMethodAccessorImpl.java:62)
    java.base/jdk.internal.reflect.DelegatingMethodAccessorImpl.invoke(DelegatingMethodAccessorImpl.java:43)
2018-10-25T09:21:48.855972: Message: A question has to be selected to perform this operation, Trace:     pkgController.QuizController.doAddAnswer(QuizController.java:385)
    pkgController.QuizController.onSelectMenuAnswer(QuizController.java:224)
    java.base/jdk.internal.reflect.NativeMethodAccessorImpl.invoke0(Native Method)
    java.base/jdk.internal.reflect.NativeMethodAccessorImpl.invoke(NativeMethodAccessorImpl.java:62)
    java.base/jdk.internal.reflect.DelegatingMethodAccessorImpl.invoke(DelegatingMethodAccessorImpl.java:43)
2018-10-25T09:21:58.454598: Message: ORA-02292: Integritäts-Constraint (D4B12.FKTEILNAHME_TEST) verletzt - untergeordneter Datensatz gefunden
, Trace:     oracle.jdbc.driver.T4CTTIoer11.processError(T4CTTIoer11.java:494)
    oracle.jdbc.driver.T4CTTIoer11.processError(T4CTTIoer11.java:446)
    oracle.jdbc.driver.T4C8Oall.processError(T4C8Oall.java:1054)
    oracle.jdbc.driver.T4CTTIfun.receive(T4CTTIfun.java:623)
    oracle.jdbc.driver.T4CTTIfun.doRPC(T4CTTIfun.java:252)
2018-10-25T09:22:16.773544: Message: I/O-Fehler: The Network Adapter could not establish the connection, Trace:     oracle.jdbc.driver.T4CConnection.logon(T4CConnection.java:774)
    oracle.jdbc.driver.PhysicalConnection.connect(PhysicalConnection.java:688)
    oracle.jdbc.driver.T4CDriverExtension.getConnection(T4CDriverExtension.java:39)
    oracle.jdbc.driver.OracleDriver.connect(OracleDriver.java:691)
    java.sql/java.sql.DriverManager.getConnection(DriverManager.java:678)
2018-10-25T09:22:29.732315: Message: I/O-Fehler: The Network Adapter could not establish the connection, Trace:     oracle.jdbc.driver.T4CConnection.logon(T4CConnection.java:774)
    oracle.jdbc.driver.PhysicalConnection.connect(PhysicalConnection.java:688)
    oracle.jdbc.driver.T4CDriverExtension.getConnection(T4CDriverExtension.java:39)
    oracle.jdbc.driver.OracleDriver.connect(OracleDriver.java:691)
    java.sql/java.sql.DriverManager.getConnection(DriverManager.java:678)
2018-10-25T09:23:21.198921: Message: I/O-Fehler: The Network Adapter could not establish the connection, Trace:     oracle.jdbc.driver.T4CConnection.logon(T4CConnection.java:774)
    oracle.jdbc.driver.PhysicalConnection.connect(PhysicalConnection.java:688)
    oracle.jdbc.driver.T4CDriverExtension.getConnection(T4CDriverExtension.java:39)
    oracle.jdbc.driver.OracleDriver.connect(OracleDriver.java:691)
    java.sql/java.sql.DriverManager.getConnection(DriverManager.java:678)
2018-10-25T10:15:04.033347: Message: Pleaser enter a server ip, Trace:     pkgController.QuizController.doSetDatabase(QuizController.java:511)
    pkgController.QuizController.onSelectMenuFile(QuizController.java:204)
    java.base/jdk.internal.reflect.NativeMethodAccessorImpl.invoke0(Native Method)
    java.base/jdk.internal.reflect.NativeMethodAccessorImpl.invoke(NativeMethodAccessorImpl.java:62)
    java.base/jdk.internal.reflect.DelegatingMethodAccessorImpl.invoke(DelegatingMethodAccessorImpl.java:43)
2018-10-25T10:16:32.118274: Message: I/O-Fehler: The Network Adapter could not establish the connection, Trace:     oracle.jdbc.driver.T4CConnection.logon(T4CConnection.java:774)
    oracle.jdbc.driver.PhysicalConnection.connect(PhysicalConnection.java:688)
    oracle.jdbc.driver.T4CDriverExtension.getConnection(T4CDriverExtension.java:39)
    oracle.jdbc.driver.OracleDriver.connect(OracleDriver.java:691)
    java.sql/java.sql.DriverManager.getConnection(DriverManager.java:678)
2018-10-25T14:01:29.596314: Message: ORA-02292: Integritäts-Constraint (D4B12.FKTEILNAHME_TEST) verletzt - untergeordneter Datensatz gefunden
, Trace:     oracle.jdbc.driver.T4CTTIoer11.processError(T4CTTIoer11.java:494)
    oracle.jdbc.driver.T4CTTIoer11.processError(T4CTTIoer11.java:446)
    oracle.jdbc.driver.T4C8Oall.processError(T4C8Oall.java:1054)
    oracle.jdbc.driver.T4CTTIfun.receive(T4CTTIfun.java:623)
    oracle.jdbc.driver.T4CTTIfun.doRPC(T4CTTIfun.java:252)
2018-10-25T14:03:49.975752: Message: ORA-00911: Ungültiges Zeichen
, Trace:     oracle.jdbc.driver.T4CTTIoer11.processError(T4CTTIoer11.java:494)
    oracle.jdbc.driver.T4CTTIoer11.processError(T4CTTIoer11.java:446)
    oracle.jdbc.driver.T4C8Oall.processError(T4C8Oall.java:1054)
    oracle.jdbc.driver.T4CTTIfun.receive(T4CTTIfun.java:623)
    oracle.jdbc.driver.T4CTTIfun.doRPC(T4CTTIfun.java:252)
2018-10-25T14:04:22.821893: Message: null, Trace:     pkgController.QuizController.doFillTextFieldsQuiz(QuizController.java:505)
    pkgController.QuizController.onQuizClicked(QuizController.java:278)
    java.base/jdk.internal.reflect.NativeMethodAccessorImpl.invoke0(Native Method)
    java.base/jdk.internal.reflect.NativeMethodAccessorImpl.invoke(NativeMethodAccessorImpl.java:62)
    java.base/jdk.internal.reflect.DelegatingMethodAccessorImpl.invoke(DelegatingMethodAccessorImpl.java:43)
2018-10-25T14:04:24.280743: Message: null, Trace:     pkgController.QuizController.doFillTextFieldsQuiz(QuizController.java:505)
    pkgController.QuizController.onQuizClicked(QuizController.java:278)
    java.base/jdk.internal.reflect.NativeMethodAccessorImpl.invoke0(Native Method)
    java.base/jdk.internal.reflect.NativeMethodAccessorImpl.invoke(NativeMethodAccessorImpl.java:62)
    java.base/jdk.internal.reflect.DelegatingMethodAccessorImpl.invoke(DelegatingMethodAccessorImpl.java:43)
2018-10-25T14:04:32.165492: Message: ORA-00911: Ungültiges Zeichen
, Trace:     oracle.jdbc.driver.T4CTTIoer11.processError(T4CTTIoer11.java:494)
    oracle.jdbc.driver.T4CTTIoer11.processError(T4CTTIoer11.java:446)
    oracle.jdbc.driver.T4C8Oall.processError(T4C8Oall.java:1054)
    oracle.jdbc.driver.T4CTTIfun.receive(T4CTTIfun.java:623)
    oracle.jdbc.driver.T4CTTIfun.doRPC(T4CTTIfun.java:252)
2018-10-25T14:06:12.294748: Message: ORA-02298: (D4B12.FKFRAGE_TEST) kann nicht validiert werden - übergeordnete Schlüssel nicht gefunden
, Trace:     oracle.jdbc.driver.T4CTTIoer11.processError(T4CTTIoer11.java:494)
    oracle.jdbc.driver.T4CTTIoer11.processError(T4CTTIoer11.java:446)
    oracle.jdbc.driver.T4C8Oall.processError(T4C8Oall.java:1054)
    oracle.jdbc.driver.T4CTTIfun.receive(T4CTTIfun.java:623)
    oracle.jdbc.driver.T4CTTIfun.doRPC(T4CTTIfun.java:252)
2018-10-25T14:06:16.067863: Message: ORA-02298: (D4B12.FKFRAGE_TEST) kann nicht validiert werden - übergeordnete Schlüssel nicht gefunden
, Trace:     oracle.jdbc.driver.T4CTTIoer11.processError(T4CTTIoer11.java:494)
    oracle.jdbc.driver.T4CTTIoer11.processError(T4CTTIoer11.java:446)
    oracle.jdbc.driver.T4C8Oall.processError(T4C8Oall.java:1054)
    oracle.jdbc.driver.T4CTTIfun.receive(T4CTTIfun.java:623)
    oracle.jdbc.driver.T4CTTIfun.doRPC(T4CTTIfun.java:252)
2018-10-25T14:07:02.515936: Message: ORA-02298: (D4B12.FKFRAGE_TEST) kann nicht validiert werden - übergeordnete Schlüssel nicht gefunden
, Trace:     oracle.jdbc.driver.T4CTTIoer11.processError(T4CTTIoer11.java:494)
    oracle.jdbc.driver.T4CTTIoer11.processError(T4CTTIoer11.java:446)
    oracle.jdbc.driver.T4C8Oall.processError(T4C8Oall.java:1054)
    oracle.jdbc.driver.T4CTTIfun.receive(T4CTTIfun.java:623)
    oracle.jdbc.driver.T4CTTIfun.doRPC(T4CTTIfun.java:252)
2018-10-25T14:07:59.130181: Message: ORA-02298: (D4B12.FKFRAGE_TEST) kann nicht validiert werden - übergeordnete Schlüssel nicht gefunden
, Trace:     oracle.jdbc.driver.T4CTTIoer11.processError(T4CTTIoer11.java:494)
    oracle.jdbc.driver.T4CTTIoer11.processError(T4CTTIoer11.java:446)
    oracle.jdbc.driver.T4C8Oall.processError(T4C8Oall.java:1054)
    oracle.jdbc.driver.T4CTTIfun.receive(T4CTTIfun.java:623)
    oracle.jdbc.driver.T4CTTIfun.doRPC(T4CTTIfun.java:252)
2018-10-25T14:08:09.028599: Message: ORA-02298: (D4B12.FKFRAGE_TEST) kann nicht validiert werden - übergeordnete Schlüssel nicht gefunden
, Trace:     oracle.jdbc.driver.T4CTTIoer11.processError(T4CTTIoer11.java:494)
    oracle.jdbc.driver.T4CTTIoer11.processError(T4CTTIoer11.java:446)
    oracle.jdbc.driver.T4C8Oall.processError(T4C8Oall.java:1054)
    oracle.jdbc.driver.T4CTTIfun.receive(T4CTTIfun.java:623)
    oracle.jdbc.driver.T4CTTIfun.doRPC(T4CTTIfun.java:252)
2018-10-25T14:10:34.496892: Message: null, Trace:     pkgController.QuizController.doFillTextFieldsQuiz(QuizController.java:505)
    pkgController.QuizController.onQuizClicked(QuizController.java:278)
    java.base/jdk.internal.reflect.NativeMethodAccessorImpl.invoke0(Native Method)
    java.base/jdk.internal.reflect.NativeMethodAccessorImpl.invoke(NativeMethodAccessorImpl.java:62)
    java.base/jdk.internal.reflect.DelegatingMethodAccessorImpl.invoke(DelegatingMethodAccessorImpl.java:43)
2018-10-25T14:10:38.540536: Message: null, Trace:     pkgController.QuizController.doFillTextFieldsQuiz(QuizController.java:505)
    pkgController.QuizController.onQuizClicked(QuizController.java:278)
    java.base/jdk.internal.reflect.NativeMethodAccessorImpl.invoke0(Native Method)
    java.base/jdk.internal.reflect.NativeMethodAccessorImpl.invoke(NativeMethodAccessorImpl.java:62)
    java.base/jdk.internal.reflect.DelegatingMethodAccessorImpl.invoke(DelegatingMethodAccessorImpl.java:43)
2018-10-25T14:10:40.349700: Message: null, Trace:     pkgController.QuizController.doFillTextFieldsQuiz(QuizController.java:505)
    pkgController.QuizController.onQuizClicked(QuizController.java:278)
    java.base/jdk.internal.reflect.NativeMethodAccessorImpl.invoke0(Native Method)
    java.base/jdk.internal.reflect.NativeMethodAccessorImpl.invoke(NativeMethodAccessorImpl.java:62)
    java.base/jdk.internal.reflect.DelegatingMethodAccessorImpl.invoke(DelegatingMethodAccessorImpl.java:43)
2018-10-25T14:10:49.280401: Message: null, Trace:     pkgController.QuizController.doFillTextFieldsQuiz(QuizController.java:505)
    pkgController.QuizController.onQuizClicked(QuizController.java:278)
    java.base/jdk.internal.reflect.NativeMethodAccessorImpl.invoke0(Native Method)
    java.base/jdk.internal.reflect.NativeMethodAccessorImpl.invoke(NativeMethodAccessorImpl.java:62)
    java.base/jdk.internal.reflect.DelegatingMethodAccessorImpl.invoke(DelegatingMethodAccessorImpl.java:43)
2018-10-25T14:11:39.372495: Message: ORA-02292: Integritäts-Constraint (D4B12.FKTEILNAHME_TEST) verletzt - untergeordneter Datensatz gefunden
, Trace:     oracle.jdbc.driver.T4CTTIoer11.processError(T4CTTIoer11.java:494)
    oracle.jdbc.driver.T4CTTIoer11.processError(T4CTTIoer11.java:446)
    oracle.jdbc.driver.T4C8Oall.processError(T4C8Oall.java:1054)
    oracle.jdbc.driver.T4CTTIfun.receive(T4CTTIfun.java:623)
    oracle.jdbc.driver.T4CTTIfun.doRPC(T4CTTIfun.java:252)
2018-10-25T14:12:21.446570: Message: ORA-02298: (D4B12.FKFRAGE_TEST) kann nicht validiert werden - übergeordnete Schlüssel nicht gefunden
, Trace:     oracle.jdbc.driver.T4CTTIoer11.processError(T4CTTIoer11.java:494)
    oracle.jdbc.driver.T4CTTIoer11.processError(T4CTTIoer11.java:446)
    oracle.jdbc.driver.T4C8Oall.processError(T4C8Oall.java:1054)
    oracle.jdbc.driver.T4CTTIfun.receive(T4CTTIfun.java:623)
    oracle.jdbc.driver.T4CTTIfun.doRPC(T4CTTIfun.java:252)
2018-10-25T14:20:36.347701: Message: ORA-02292: Integritäts-Constraint (D4B12.FKANTWORT_FRAGE) verletzt - untergeordneter Datensatz gefunden
, Trace:     oracle.jdbc.driver.T4CTTIoer11.processError(T4CTTIoer11.java:494)
    oracle.jdbc.driver.T4CTTIoer11.processError(T4CTTIoer11.java:446)
    oracle.jdbc.driver.T4C8Oall.processError(T4C8Oall.java:1054)
    oracle.jdbc.driver.T4CTTIfun.receive(T4CTTIfun.java:623)
    oracle.jdbc.driver.T4CTTIfun.doRPC(T4CTTIfun.java:252)
2018-10-25T14:26:13.431979: Message: ORA-02292: Integritäts-Constraint (D4B12.FKTESTANTWORT_ANTWORT) verletzt - untergeordneter Datensatz gefunden
, Trace:     oracle.jdbc.driver.T4CTTIoer11.processError(T4CTTIoer11.java:494)
    oracle.jdbc.driver.T4CTTIoer11.processError(T4CTTIoer11.java:446)
    oracle.jdbc.driver.T4C8Oall.processError(T4C8Oall.java:1054)
    oracle.jdbc.driver.T4CTTIfun.receive(T4CTTIfun.java:623)
    oracle.jdbc.driver.T4CTTIfun.doRPC(T4CTTIfun.java:252)
2018-10-25T14:33:21.740395: Message: No value present, Trace:     java.base/java.util.Optional.get(Optional.java:151)
    pkgData.Database.selectAllQuestions(Database.java:115)
    pkgController.QuizController.doRefreshListQuestions(QuizController.java:499)
    pkgController.QuizController.doDeleteQuestion(QuizController.java:453)
    pkgController.QuizController.onSelectMenuQuestion(QuizController.java:188)
2018-10-25T14:40:22.798360: Message: null, Trace:     pkgController.QuizController.doFillTextFieldsQuiz(QuizController.java:511)
    pkgController.QuizController.onQuizClicked(QuizController.java:281)
    java.base/jdk.internal.reflect.NativeMethodAccessorImpl.invoke0(Native Method)
    java.base/jdk.internal.reflect.NativeMethodAccessorImpl.invoke(NativeMethodAccessorImpl.java:62)
    java.base/jdk.internal.reflect.DelegatingMethodAccessorImpl.invoke(DelegatingMethodAccessorImpl.java:43)
2018-10-25T20:44:32.824223: Message: I/O-Fehler: The Network Adapter could not establish the connection, Trace:     oracle.jdbc.driver.T4CConnection.logon(T4CConnection.java:774)
    oracle.jdbc.driver.PhysicalConnection.connect(PhysicalConnection.java:688)
    oracle.jdbc.driver.T4CDriverExtension.getConnection(T4CDriverExtension.java:39)
    oracle.jdbc.driver.OracleDriver.connect(OracleDriver.java:691)
    java.sql/java.sql.DriverManager.getConnection(DriverManager.java:678)
2018-10-26T13:32:33.716367: Message: I/O-Fehler: The Network Adapter could not establish the connection, Trace:     oracle.jdbc.driver.T4CConnection.logon(T4CConnection.java:774)
    oracle.jdbc.driver.PhysicalConnection.connect(PhysicalConnection.java:688)
    oracle.jdbc.driver.T4CDriverExtension.getConnection(T4CDriverExtension.java:39)
    oracle.jdbc.driver.OracleDriver.connect(OracleDriver.java:691)
    java.sql/java.sql.DriverManager.getConnection(DriverManager.java:678)
2018-10-26T14:14:17.806858: Message: Please enter all data for adding a quiz, Trace:     pkgController.QuizController.doAddQuiz(QuizController.java:566)
    pkgController.QuizController.onSelectMenuQuiz(QuizController.java:187)
    java.base/jdk.internal.reflect.NativeMethodAccessorImpl.invoke0(Native Method)
    java.base/jdk.internal.reflect.NativeMethodAccessorImpl.invoke(NativeMethodAccessorImpl.java:62)
    java.base/jdk.internal.reflect.DelegatingMethodAccessorImpl.invoke(DelegatingMethodAccessorImpl.java:43)
2018-10-26T17:30:04.041212: Message: A quiz has to be selected to perform this operation, Trace:     pkgController.QuizController.doRefreshListQuestions(QuizController.java:588)
    pkgController.QuizController.onParticipantsClicked(QuizController.java:291)
    java.base/jdk.internal.reflect.NativeMethodAccessorImpl.invoke0(Native Method)
    java.base/jdk.internal.reflect.NativeMethodAccessorImpl.invoke(NativeMethodAccessorImpl.java:62)
    java.base/jdk.internal.reflect.DelegatingMethodAccessorImpl.invoke(DelegatingMethodAccessorImpl.java:43)
2018-10-26T17:30:12.509182: Message: A quiz has to be selected to perform this operation, Trace:     pkgController.QuizController.doRefreshListQuestions(QuizController.java:588)
    pkgController.QuizController.onParticipantsClicked(QuizController.java:291)
    java.base/jdk.internal.reflect.NativeMethodAccessorImpl.invoke0(Native Method)
    java.base/jdk.internal.reflect.NativeMethodAccessorImpl.invoke(NativeMethodAccessorImpl.java:62)
    java.base/jdk.internal.reflect.DelegatingMethodAccessorImpl.invoke(DelegatingMethodAccessorImpl.java:43)
2018-10-26T17:34:08.258583: Message: A quiz has to be selected to perform this operation, Trace:     pkgController.QuizController.doAddAnswer(QuizController.java:476)
    pkgController.QuizController.onSelectMenuAnswer(QuizController.java:255)
    java.base/jdk.internal.reflect.NativeMethodAccessorImpl.invoke0(Native Method)
    java.base/jdk.internal.reflect.NativeMethodAccessorImpl.invoke(NativeMethodAccessorImpl.java:62)
    java.base/jdk.internal.reflect.DelegatingMethodAccessorImpl.invoke(DelegatingMethodAccessorImpl.java:43)
2018-10-26T17:34:12.098745: Message: A question has to be selected to perform this operation, Trace:     pkgController.QuizController.doAddAnswer(QuizController.java:478)
    pkgController.QuizController.onSelectMenuAnswer(QuizController.java:255)
    java.base/jdk.internal.reflect.NativeMethodAccessorImpl.invoke0(Native Method)
    java.base/jdk.internal.reflect.NativeMethodAccessorImpl.invoke(NativeMethodAccessorImpl.java:62)
    java.base/jdk.internal.reflect.DelegatingMethodAccessorImpl.invoke(DelegatingMethodAccessorImpl.java:43)
2018-10-26T17:34:16.735108: Message: A question has to be selected to perform this operation, Trace:     pkgController.QuizController.doDeleteAnswer(QuizController.java:461)
    pkgController.QuizController.onSelectMenuAnswer(QuizController.java:261)
    java.base/jdk.internal.reflect.NativeMethodAccessorImpl.invoke0(Native Method)
    java.base/jdk.internal.reflect.NativeMethodAccessorImpl.invoke(NativeMethodAccessorImpl.java:62)
    java.base/jdk.internal.reflect.DelegatingMethodAccessorImpl.invoke(DelegatingMethodAccessorImpl.java:43)
2018-10-26T17:34:20.834642: Message: A question has to be selected to perform this operation, Trace:     pkgController.QuizController.doUpdateAnswer(QuizController.java:444)
    pkgController.QuizController.onSelectMenuAnswer(QuizController.java:258)
    java.base/jdk.internal.reflect.NativeMethodAccessorImpl.invoke0(Native Method)
    java.base/jdk.internal.reflect.NativeMethodAccessorImpl.invoke(NativeMethodAccessorImpl.java:62)
    java.base/jdk.internal.reflect.DelegatingMethodAccessorImpl.invoke(DelegatingMethodAccessorImpl.java:43)
2018-10-26T17:34:26.901019: Message: A question has to be selected to perform this operation, Trace:     pkgController.QuizController.doDeleteQuestion(QuizController.java:542)
    pkgController.QuizController.onSelectMenuQuestion(QuizController.java:214)
    java.base/jdk.internal.reflect.NativeMethodAccessorImpl.invoke0(Native Method)
    java.base/jdk.internal.reflect.NativeMethodAccessorImpl.invoke(NativeMethodAccessorImpl.java:62)
    java.base/jdk.internal.reflect.DelegatingMethodAccessorImpl.invoke(DelegatingMethodAccessorImpl.java:43)
2018-10-26T17:34:33.313511: Message: A quiz has to be selected to perform this operation, Trace:     pkgController.QuizController.doDeleteQuestion(QuizController.java:540)
    pkgController.QuizController.onSelectMenuQuestion(QuizController.java:214)
    java.base/jdk.internal.reflect.NativeMethodAccessorImpl.invoke0(Native Method)
    java.base/jdk.internal.reflect.NativeMethodAccessorImpl.invoke(NativeMethodAccessorImpl.java:62)
    java.base/jdk.internal.reflect.DelegatingMethodAccessorImpl.invoke(DelegatingMethodAccessorImpl.java:43)
2018-10-26T17:34:38.191422: Message: A question has to be selected to perform this operation, Trace:     pkgController.QuizController.doDeleteQuestion(QuizController.java:542)
    pkgController.QuizController.onSelectMenuQuestion(QuizController.java:214)
    java.base/jdk.internal.reflect.NativeMethodAccessorImpl.invoke0(Native Method)
    java.base/jdk.internal.reflect.NativeMethodAccessorImpl.invoke(NativeMethodAccessorImpl.java:62)
    java.base/jdk.internal.reflect.DelegatingMethodAccessorImpl.invoke(DelegatingMethodAccessorImpl.java:43)
2018-10-26T17:34:42.942183: Message: Please enter all data for updating a question, Trace:     pkgController.QuizController.doUpdateQuestion(QuizController.java:528)
    pkgController.QuizController.onSelectMenuQuestion(QuizController.java:217)
    java.base/jdk.internal.reflect.NativeMethodAccessorImpl.invoke0(Native Method)
    java.base/jdk.internal.reflect.NativeMethodAccessorImpl.invoke(NativeMethodAccessorImpl.java:62)
    java.base/jdk.internal.reflect.DelegatingMethodAccessorImpl.invoke(DelegatingMethodAccessorImpl.java:43)
2018-10-26T17:34:50.869263: Message: A quiz has to be selected to perform this operation, Trace:     pkgController.QuizController.doDeleteQuiz(QuizController.java:573)
    pkgController.QuizController.onSelectMenuQuiz(QuizController.java:189)
    java.base/jdk.internal.reflect.NativeMethodAccessorImpl.invoke0(Native Method)
    java.base/jdk.internal.reflect.NativeMethodAccessorImpl.invoke(NativeMethodAccessorImpl.java:62)
    java.base/jdk.internal.reflect.DelegatingMethodAccessorImpl.invoke(DelegatingMethodAccessorImpl.java:43)
2018-10-26T17:34:53.737994: Message: Please enter all data for updating a quiz, Trace:     pkgController.QuizController.doUpdateQuiz(QuizController.java:562)
    pkgController.QuizController.onSelectMenuQuiz(QuizController.java:195)
    java.base/jdk.internal.reflect.NativeMethodAccessorImpl.invoke0(Native Method)
    java.base/jdk.internal.reflect.NativeMethodAccessorImpl.invoke(NativeMethodAccessorImpl.java:62)
    java.base/jdk.internal.reflect.DelegatingMethodAccessorImpl.invoke(DelegatingMethodAccessorImpl.java:43)
2018-10-26T17:35:13.298305: Message: null, Trace:     pkgController.QuizController.doFillTextFieldsQuiz(QuizController.java:611)
    pkgController.QuizController.onQuizClicked(QuizController.java:304)
    java.base/jdk.internal.reflect.NativeMethodAccessorImpl.invoke0(Native Method)
    java.base/jdk.internal.reflect.NativeMethodAccessorImpl.invoke(NativeMethodAccessorImpl.java:62)
    java.base/jdk.internal.reflect.DelegatingMethodAccessorImpl.invoke(DelegatingMethodAccessorImpl.java:43)
2018-10-26T17:35:18.071783: Message: null, Trace:     pkgController.QuizController.doFillTextFieldsQuiz(QuizController.java:611)
    pkgController.QuizController.onQuizClicked(QuizController.java:304)
    java.base/jdk.internal.reflect.NativeMethodAccessorImpl.invoke0(Native Method)
    java.base/jdk.internal.reflect.NativeMethodAccessorImpl.invoke(NativeMethodAccessorImpl.java:62)
    java.base/jdk.internal.reflect.DelegatingMethodAccessorImpl.invoke(DelegatingMethodAccessorImpl.java:43)
2018-10-26T17:36:04.119683: Message: null, Trace:     pkgController.QuizController.doFillTextFieldsQuiz(QuizController.java:611)
    pkgController.QuizController.onQuizClicked(QuizController.java:304)
    java.base/jdk.internal.reflect.NativeMethodAccessorImpl.invoke0(Native Method)
    java.base/jdk.internal.reflect.NativeMethodAccessorImpl.invoke(NativeMethodAccessorImpl.java:62)
    java.base/jdk.internal.reflect.DelegatingMethodAccessorImpl.invoke(DelegatingMethodAccessorImpl.java:43)
2018-10-26T17:56:08.363712: Message: Fehlender IN- oder OUT-Parameter auf Index:: 3, Trace:     oracle.jdbc.driver.OraclePreparedStatement.processCompletedBindRow(OraclePreparedStatement.java:2086)
    oracle.jdbc.driver.OraclePreparedStatement.executeInternal(OraclePreparedStatement.java:3772)
    oracle.jdbc.driver.T4CPreparedStatement.executeInternal(T4CPreparedStatement.java:1343)
    oracle.jdbc.driver.OraclePreparedStatement.executeLargeUpdate(OraclePreparedStatement.java:3865)
    oracle.jdbc.driver.OraclePreparedStatement.executeUpdate(OraclePreparedStatement.java:3845)
2018-10-26T17:57:50.137347: Message: ORA-00933: SQL-Befehl wurde nicht korrekt beendet
, Trace:     oracle.jdbc.driver.T4CTTIoer11.processError(T4CTTIoer11.java:494)
    oracle.jdbc.driver.T4CTTIoer11.processError(T4CTTIoer11.java:446)
    oracle.jdbc.driver.T4C8Oall.processError(T4C8Oall.java:1054)
    oracle.jdbc.driver.T4CTTIfun.receive(T4CTTIfun.java:623)
    oracle.jdbc.driver.T4CTTIfun.doRPC(T4CTTIfun.java:252)
2018-10-26T17:59:09.292761: Message: ORA-00933: SQL-Befehl wurde nicht korrekt beendet
, Trace:     oracle.jdbc.driver.T4CTTIoer11.processError(T4CTTIoer11.java:494)
    oracle.jdbc.driver.T4CTTIoer11.processError(T4CTTIoer11.java:446)
    oracle.jdbc.driver.T4C8Oall.processError(T4C8Oall.java:1054)
    oracle.jdbc.driver.T4CTTIfun.receive(T4CTTIfun.java:623)
    oracle.jdbc.driver.T4CTTIfun.doRPC(T4CTTIfun.java:252)
2018-10-26T17:59:47.803468: Message: null, Trace:     pkgData.Database.selectAllTests(Database.java:123)
    pkgController.QuizController.onParticipantsClicked(QuizController.java:293)
    java.base/jdk.internal.reflect.NativeMethodAccessorImpl.invoke0(Native Method)
    java.base/jdk.internal.reflect.NativeMethodAccessorImpl.invoke(NativeMethodAccessorImpl.java:62)
    java.base/jdk.internal.reflect.DelegatingMethodAccessorImpl.invoke(DelegatingMethodAccessorImpl.java:43)
2018-10-26T17:59:55.959636: Message: ORA-00933: SQL-Befehl wurde nicht korrekt beendet
, Trace:     oracle.jdbc.driver.T4CTTIoer11.processError(T4CTTIoer11.java:494)
    oracle.jdbc.driver.T4CTTIoer11.processError(T4CTTIoer11.java:446)
    oracle.jdbc.driver.T4C8Oall.processError(T4C8Oall.java:1054)
    oracle.jdbc.driver.T4CTTIfun.receive(T4CTTIfun.java:623)
    oracle.jdbc.driver.T4CTTIfun.doRPC(T4CTTIfun.java:252)
2018-10-26T18:13:49.831109: Message: null, Trace:     pkgData.Database.selectAllTests(Database.java:123)
    pkgController.QuizController.onParticipantsClicked(QuizController.java:293)
    java.base/jdk.internal.reflect.NativeMethodAccessorImpl.invoke0(Native Method)
    java.base/jdk.internal.reflect.NativeMethodAccessorImpl.invoke(NativeMethodAccessorImpl.java:62)
    java.base/jdk.internal.reflect.DelegatingMethodAccessorImpl.invoke(DelegatingMethodAccessorImpl.java:43)
2018-10-27T21:56:02.979857: Message: ORA-02292: Integritäts-Constraint (D4B12.FKTEILNAHME_KANDIDAT) verletzt - untergeordneter Datensatz gefunden
, Trace:     oracle.jdbc.driver.T4CTTIoer11.processError(T4CTTIoer11.java:494)
    oracle.jdbc.driver.T4CTTIoer11.processError(T4CTTIoer11.java:446)
    oracle.jdbc.driver.T4C8Oall.processError(T4C8Oall.java:1054)
    oracle.jdbc.driver.T4CTTIfun.receive(T4CTTIfun.java:623)
    oracle.jdbc.driver.T4CTTIfun.doRPC(T4CTTIfun.java:252)
2018-10-27T21:58:07.141126: Message: ORA-02292: Integritäts-Constraint (D4B12.FKTESTANTWORT_TEILNAHME) verletzt - untergeordneter Datensatz gefunden
, Trace:     oracle.jdbc.driver.T4CTTIoer11.processError(T4CTTIoer11.java:494)
    oracle.jdbc.driver.T4CTTIoer11.processError(T4CTTIoer11.java:446)
    oracle.jdbc.driver.T4C8Oall.processError(T4C8Oall.java:1054)
    oracle.jdbc.driver.T4CTTIfun.receive(T4CTTIfun.java:623)
    oracle.jdbc.driver.T4CTTIfun.doRPC(T4CTTIfun.java:252)
2018-10-27T21:59:28.648541: Message: Question with id KARN1...Das Gro¿e K‰rnten Quiz does not exist, Trace:     pkgData.Database.deleteAllQuestions(Database.java:355)
    pkgData.Database.deleteAllQuizzes(Database.java:313)
    pkgData.Database.deleteParticipant(Database.java:247)
    pkgController.QuizController.doDeleteParticipant(QuizController.java:441)
    pkgController.QuizController.onSelectMenuParticipant(QuizController.java:186)
2018-10-27T22:00:30.109963: Message: null, Trace:     pkgData.Database.selectAllTests(Database.java:123)
    pkgController.QuizController.onParticipantsClicked(QuizController.java:293)
    java.base/jdk.internal.reflect.NativeMethodAccessorImpl.invoke0(Native Method)
    java.base/jdk.internal.reflect.NativeMethodAccessorImpl.invoke(NativeMethodAccessorImpl.java:62)
    java.base/jdk.internal.reflect.DelegatingMethodAccessorImpl.invoke(DelegatingMethodAccessorImpl.java:43)
2018-10-27T22:00:42.372446: Message: Quiz with id KARN1 does not exist, Trace:     pkgData.Database.deleteAllQuestions(Database.java:355)
    pkgData.Database.deleteAllQuizzes(Database.java:313)
    pkgData.Database.deleteParticipant(Database.java:247)
    pkgController.QuizController.doDeleteParticipant(QuizController.java:441)
    pkgController.QuizController.onSelectMenuParticipant(QuizController.java:186)
2018-10-27T22:00:54.259361: Message: Quiz with id KARN1 does not exist, Trace:     pkgData.Database.deleteAllQuestions(Database.java:355)
    pkgData.Database.deleteAllQuizzes(Database.java:313)
    pkgData.Database.deleteParticipant(Database.java:247)
    pkgController.QuizController.doDeleteParticipant(QuizController.java:441)
    pkgController.QuizController.onSelectMenuParticipant(QuizController.java:186)
2018-10-27T22:28:19.773033: Message: A participant has to be selected to perform this operation, Trace:     pkgController.QuizController.doRefreshListQuiz(QuizController.java:726)
    pkgController.QuizController.onSelectRadioButtonShowQuizzes(QuizController.java:304)
    java.base/jdk.internal.reflect.NativeMethodAccessorImpl.invoke0(Native Method)
    java.base/jdk.internal.reflect.NativeMethodAccessorImpl.invoke(NativeMethodAccessorImpl.java:62)
    java.base/jdk.internal.reflect.DelegatingMethodAccessorImpl.invoke(DelegatingMethodAccessorImpl.java:43)
2018-10-27T22:28:24.867577: Message: ORA-00911: Ungültiges Zeichen
, Trace:     oracle.jdbc.driver.T4CTTIoer11.processError(T4CTTIoer11.java:494)
    oracle.jdbc.driver.T4CTTIoer11.processError(T4CTTIoer11.java:446)
    oracle.jdbc.driver.T4C8Oall.processError(T4C8Oall.java:1054)
    oracle.jdbc.driver.T4CTTIfun.receive(T4CTTIfun.java:623)
    oracle.jdbc.driver.T4CTTIfun.doRPC(T4CTTIfun.java:252)
2018-10-27T22:29:19.184645: Message: A quiz has to be selected to perform this operation, Trace:     pkgController.QuizController.doFillTextFieldsQuiz(QuizController.java:700)
    pkgController.QuizController.onQuizClicked(QuizController.java:343)
    java.base/jdk.internal.reflect.NativeMethodAccessorImpl.invoke0(Native Method)
    java.base/jdk.internal.reflect.NativeMethodAccessorImpl.invoke(NativeMethodAccessorImpl.java:62)
    java.base/jdk.internal.reflect.DelegatingMethodAccessorImpl.invoke(DelegatingMethodAccessorImpl.java:43)
2018-10-27T22:29:25.132662: Message: A quiz has to be selected to perform this operation, Trace:     pkgController.QuizController.doFillTextFieldsQuiz(QuizController.java:700)
    pkgController.QuizController.onQuizClicked(QuizController.java:343)
    java.base/jdk.internal.reflect.NativeMethodAccessorImpl.invoke0(Native Method)
    java.base/jdk.internal.reflect.NativeMethodAccessorImpl.invoke(NativeMethodAccessorImpl.java:62)
    java.base/jdk.internal.reflect.DelegatingMethodAccessorImpl.invoke(DelegatingMethodAccessorImpl.java:43)
2018-10-27T22:36:01.799343: Message: null, Trace:     pkgController.QuizController.doRefreshTableParticipants(QuizController.java:725)
    pkgController.QuizController.onSelectRadioButtonShowQuizzes(QuizController.java:304)
    java.base/jdk.internal.reflect.NativeMethodAccessorImpl.invoke0(Native Method)
    java.base/jdk.internal.reflect.NativeMethodAccessorImpl.invoke(NativeMethodAccessorImpl.java:62)
    java.base/jdk.internal.reflect.DelegatingMethodAccessorImpl.invoke(DelegatingMethodAccessorImpl.java:43)
2018-10-27T22:36:11.773880: Message: A participant has to be selected to perform this operation, Trace:     pkgController.QuizController.doRefreshListQuiz(QuizController.java:733)
    pkgController.QuizController.onSelectRadioButtonShowQuizzes(QuizController.java:305)
    java.base/jdk.internal.reflect.NativeMethodAccessorImpl.invoke0(Native Method)
    java.base/jdk.internal.reflect.NativeMethodAccessorImpl.invoke(NativeMethodAccessorImpl.java:62)
    java.base/jdk.internal.reflect.DelegatingMethodAccessorImpl.invoke(DelegatingMethodAccessorImpl.java:43)
2018-10-27T22:38:38.064711: Message: A participant has to be selected to perform this operation, Trace:     pkgController.QuizController.doRefreshListQuiz(QuizController.java:733)
    pkgController.QuizController.onSelectRadioButtonShowQuizzes(QuizController.java:305)
    java.base/jdk.internal.reflect.NativeMethodAccessorImpl.invoke0(Native Method)
    java.base/jdk.internal.reflect.NativeMethodAccessorImpl.invoke(NativeMethodAccessorImpl.java:62)
    java.base/jdk.internal.reflect.DelegatingMethodAccessorImpl.invoke(DelegatingMethodAccessorImpl.java:43)
2018-10-27T22:45:25.259223: Message: null, Trace:     pkgController.QuizController.onParticipantsClicked(QuizController.java:327)
    java.base/jdk.internal.reflect.NativeMethodAccessorImpl.invoke0(Native Method)
    java.base/jdk.internal.reflect.NativeMethodAccessorImpl.invoke(NativeMethodAccessorImpl.java:62)
    java.base/jdk.internal.reflect.DelegatingMethodAccessorImpl.invoke(DelegatingMethodAccessorImpl.java:43)
    java.base/java.lang.reflect.Method.invoke(Method.java:564)
2018-10-27T22:45:26.760493: Message: null, Trace:     pkgController.QuizController.onParticipantsClicked(QuizController.java:327)
    java.base/jdk.internal.reflect.NativeMethodAccessorImpl.invoke0(Native Method)
    java.base/jdk.internal.reflect.NativeMethodAccessorImpl.invoke(NativeMethodAccessorImpl.java:62)
    java.base/jdk.internal.reflect.DelegatingMethodAccessorImpl.invoke(DelegatingMethodAccessorImpl.java:43)
    java.base/java.lang.reflect.Method.invoke(Method.java:564)
2018-10-27T22:45:39.945451: Message: null, Trace:     pkgController.QuizController.onParticipantsClicked(QuizController.java:327)
    java.base/jdk.internal.reflect.NativeMethodAccessorImpl.invoke0(Native Method)
    java.base/jdk.internal.reflect.NativeMethodAccessorImpl.invoke(NativeMethodAccessorImpl.java:62)
    java.base/jdk.internal.reflect.DelegatingMethodAccessorImpl.invoke(DelegatingMethodAccessorImpl.java:43)
    java.base/java.lang.reflect.Method.invoke(Method.java:564)
2018-10-27T22:59:00.352681: Message: A participant has to be selected to perform this operation, Trace:     pkgController.QuizController.doRefreshListQuiz(QuizController.java:744)
    pkgController.QuizController.onSelectRadioButtonShowQuizzes(QuizController.java:308)
    java.base/jdk.internal.reflect.NativeMethodAccessorImpl.invoke0(Native Method)
    java.base/jdk.internal.reflect.NativeMethodAccessorImpl.invoke(NativeMethodAccessorImpl.java:62)
    java.base/jdk.internal.reflect.DelegatingMethodAccessorImpl.invoke(DelegatingMethodAccessorImpl.java:43)
2018-10-27T22:59:38.451418: Message: You cannot select a Participant if "Show all Quizzes" is selected, Trace:     pkgController.QuizController.onParticipantsClicked(QuizController.java:328)
    java.base/jdk.internal.reflect.NativeMethodAccessorImpl.invoke0(Native Method)
    java.base/jdk.internal.reflect.NativeMethodAccessorImpl.invoke(NativeMethodAccessorImpl.java:62)
    java.base/jdk.internal.reflect.DelegatingMethodAccessorImpl.invoke(DelegatingMethodAccessorImpl.java:43)
    java.base/java.lang.reflect.Method.invoke(Method.java:564)
2018-10-27T22:59:40.434146: Message: You cannot select a Participant if "Show all Quizzes" is selected, Trace:     pkgController.QuizController.onParticipantsClicked(QuizController.java:328)
    java.base/jdk.internal.reflect.NativeMethodAccessorImpl.invoke0(Native Method)
    java.base/jdk.internal.reflect.NativeMethodAccessorImpl.invoke(NativeMethodAccessorImpl.java:62)
    java.base/jdk.internal.reflect.DelegatingMethodAccessorImpl.invoke(DelegatingMethodAccessorImpl.java:43)
    java.base/java.lang.reflect.Method.invoke(Method.java:564)
2018-10-27T23:00:04.568218: Message: A participant has to be selected to perform this operation, Trace:     pkgController.QuizController.doFillTextFieldsQuiz(QuizController.java:714)
    pkgController.QuizController.onQuizClicked(QuizController.java:357)
    java.base/jdk.internal.reflect.NativeMethodAccessorImpl.invoke0(Native Method)
    java.base/jdk.internal.reflect.NativeMethodAccessorImpl.invoke(NativeMethodAccessorImpl.java:62)
    java.base/jdk.internal.reflect.DelegatingMethodAccessorImpl.invoke(DelegatingMethodAccessorImpl.java:43)
2018-10-27T23:00:07.709223: Message: You cannot select a Participant if "Show all Quizzes" is selected, Trace:     pkgController.QuizController.onParticipantsClicked(QuizController.java:328)
    java.base/jdk.internal.reflect.NativeMethodAccessorImpl.invoke0(Native Method)
    java.base/jdk.internal.reflect.NativeMethodAccessorImpl.invoke(NativeMethodAccessorImpl.java:62)
    java.base/jdk.internal.reflect.DelegatingMethodAccessorImpl.invoke(DelegatingMethodAccessorImpl.java:43)
    java.base/java.lang.reflect.Method.invoke(Method.java:564)
2018-10-27T23:00:09.847742: Message: You cannot select a Participant if "Show all Quizzes" is selected, Trace:     pkgController.QuizController.onParticipantsClicked(QuizController.java:328)
    java.base/jdk.internal.reflect.NativeMethodAccessorImpl.invoke0(Native Method)
    java.base/jdk.internal.reflect.NativeMethodAccessorImpl.invoke(NativeMethodAccessorImpl.java:62)
    java.base/jdk.internal.reflect.DelegatingMethodAccessorImpl.invoke(DelegatingMethodAccessorImpl.java:43)
    java.base/java.lang.reflect.Method.invoke(Method.java:564)
2018-10-27T23:00:12.374994: Message: A participant has to be selected to perform this operation, Trace:     pkgController.QuizController.doRefreshListQuiz(QuizController.java:744)
    pkgController.QuizController.onSelectRadioButtonShowQuizzes(QuizController.java:308)
    java.base/jdk.internal.reflect.NativeMethodAccessorImpl.invoke0(Native Method)
    java.base/jdk.internal.reflect.NativeMethodAccessorImpl.invoke(NativeMethodAccessorImpl.java:62)
    java.base/jdk.internal.reflect.DelegatingMethodAccessorImpl.invoke(DelegatingMethodAccessorImpl.java:43)
2018-10-27T23:00:14.177335: Message: A participant has to be selected to perform this operation, Trace:     pkgController.QuizController.doFillTextFieldsQuiz(QuizController.java:714)
    pkgController.QuizController.onQuizClicked(QuizController.java:357)
    java.base/jdk.internal.reflect.NativeMethodAccessorImpl.invoke0(Native Method)
    java.base/jdk.internal.reflect.NativeMethodAccessorImpl.invoke(NativeMethodAccessorImpl.java:62)
    java.base/jdk.internal.reflect.DelegatingMethodAccessorImpl.invoke(DelegatingMethodAccessorImpl.java:43)
2018-10-27T23:00:15.700774: Message: A participant has to be selected to perform this operation, Trace:     pkgController.QuizController.doFillTextFieldsQuiz(QuizController.java:714)
    pkgController.QuizController.onQuizClicked(QuizController.java:357)
    java.base/jdk.internal.reflect.NativeMethodAccessorImpl.invoke0(Native Method)
    java.base/jdk.internal.reflect.NativeMethodAccessorImpl.invoke(NativeMethodAccessorImpl.java:62)
    java.base/jdk.internal.reflect.DelegatingMethodAccessorImpl.invoke(DelegatingMethodAccessorImpl.java:43)
2018-10-27T23:00:17.191671: Message: A participant has to be selected to perform this operation, Trace:     pkgController.QuizController.doFillTextFieldsQuiz(QuizController.java:714)
    pkgController.QuizController.onQuizClicked(QuizController.java:357)
    java.base/jdk.internal.reflect.NativeMethodAccessorImpl.invoke0(Native Method)
    java.base/jdk.internal.reflect.NativeMethodAccessorImpl.invoke(NativeMethodAccessorImpl.java:62)
    java.base/jdk.internal.reflect.DelegatingMethodAccessorImpl.invoke(DelegatingMethodAccessorImpl.java:43)
2018-10-27T23:00:40.309445: Message: You cannot select a Participant if "Show all Quizzes" is selected, Trace:     pkgController.QuizController.onParticipantsClicked(QuizController.java:329)
    java.base/jdk.internal.reflect.NativeMethodAccessorImpl.invoke0(Native Method)
    java.base/jdk.internal.reflect.NativeMethodAccessorImpl.invoke(NativeMethodAccessorImpl.java:62)
    java.base/jdk.internal.reflect.DelegatingMethodAccessorImpl.invoke(DelegatingMethodAccessorImpl.java:43)
    java.base/java.lang.reflect.Method.invoke(Method.java:564)
2018-10-27T23:01:13.321606: Message: You cannot select a Participant if "Show all Quizzes" is selected, Trace:     pkgController.QuizController.onParticipantsClicked(QuizController.java:329)
    java.base/jdk.internal.reflect.NativeMethodAccessorImpl.invoke0(Native Method)
    java.base/jdk.internal.reflect.NativeMethodAccessorImpl.invoke(NativeMethodAccessorImpl.java:62)
    java.base/jdk.internal.reflect.DelegatingMethodAccessorImpl.invoke(DelegatingMethodAccessorImpl.java:43)
    java.base/java.lang.reflect.Method.invoke(Method.java:564)
2018-10-27T23:01:24.698663: Message: It's impossible to add a undone quiz to a participant, Trace:     pkgController.QuizController.doAddQuiz(QuizController.java:691)
    pkgController.QuizController.onSelectMenuQuiz(QuizController.java:216)
    java.base/jdk.internal.reflect.NativeMethodAccessorImpl.invoke0(Native Method)
    java.base/jdk.internal.reflect.NativeMethodAccessorImpl.invoke(NativeMethodAccessorImpl.java:62)
    java.base/jdk.internal.reflect.DelegatingMethodAccessorImpl.invoke(DelegatingMethodAccessorImpl.java:43)
2018-10-27T23:01:33.982528: Message: ORA-00001: Unique Constraint (D4B12.PKTEST) verletzt
, Trace:     oracle.jdbc.driver.T4CTTIoer11.processError(T4CTTIoer11.java:494)
    oracle.jdbc.driver.T4CTTIoer11.processError(T4CTTIoer11.java:446)
    oracle.jdbc.driver.T4C8Oall.processError(T4C8Oall.java:1054)
    oracle.jdbc.driver.T4CTTIfun.receive(T4CTTIfun.java:623)
    oracle.jdbc.driver.T4CTTIfun.doRPC(T4CTTIfun.java:252)
2018-10-27T23:02:03.070237: Message: You cannot select a Participant if "Show all Quizzes" is selected, Trace:     pkgController.QuizController.onParticipantsClicked(QuizController.java:329)
    java.base/jdk.internal.reflect.NativeMethodAccessorImpl.invoke0(Native Method)
    java.base/jdk.internal.reflect.NativeMethodAccessorImpl.invoke(NativeMethodAccessorImpl.java:62)
    java.base/jdk.internal.reflect.DelegatingMethodAccessorImpl.invoke(DelegatingMethodAccessorImpl.java:43)
    java.base/java.lang.reflect.Method.invoke(Method.java:564)
2018-10-27T23:16:30.769760: Message: It's impossible to add a undone quiz to a participant, Trace:     pkgController.QuizController.doAddQuiz(QuizController.java:693)
    pkgController.QuizController.onSelectMenuQuiz(QuizController.java:216)
    java.base/jdk.internal.reflect.NativeMethodAccessorImpl.invoke0(Native Method)
    java.base/jdk.internal.reflect.NativeMethodAccessorImpl.invoke(NativeMethodAccessorImpl.java:62)
    java.base/jdk.internal.reflect.DelegatingMethodAccessorImpl.invoke(DelegatingMethodAccessorImpl.java:43)
2018-10-27T23:16:38.543902: Message: You cannot select a Participant if "Show all Quizzes" is selected, Trace:     pkgController.QuizController.onParticipantsClicked(QuizController.java:331)
    java.base/jdk.internal.reflect.NativeMethodAccessorImpl.invoke0(Native Method)
    java.base/jdk.internal.reflect.NativeMethodAccessorImpl.invoke(NativeMethodAccessorImpl.java:62)
    java.base/jdk.internal.reflect.DelegatingMethodAccessorImpl.invoke(DelegatingMethodAccessorImpl.java:43)
    java.base/java.lang.reflect.Method.invoke(Method.java:564)
2018-10-27T23:23:07.129392: Message: You cannot select a Participant if "Show all Quizzes" is selected, Trace:     pkgController.QuizController.onParticipantsClicked(QuizController.java:331)
    jdk.internal.reflect.GeneratedMethodAccessor12.invoke(Unknown Source)
    java.base/jdk.internal.reflect.DelegatingMethodAccessorImpl.invoke(DelegatingMethodAccessorImpl.java:43)
    java.base/java.lang.reflect.Method.invoke(Method.java:564)
    com.sun.javafx.reflect.Trampoline.invoke(MethodUtil.java:76)
2018-10-28T22:45:43.395345: Message: ORA-00911: Ungültiges Zeichen
, Trace:     oracle.jdbc.driver.T4CTTIoer11.processError(T4CTTIoer11.java:494)
    oracle.jdbc.driver.T4CTTIoer11.processError(T4CTTIoer11.java:446)
    oracle.jdbc.driver.T4C8Oall.processError(T4C8Oall.java:1054)
    oracle.jdbc.driver.T4CTTIfun.receive(T4CTTIfun.java:623)
    oracle.jdbc.driver.T4CTTIfun.doRPC(T4CTTIfun.java:252)
2018-10-28T22:47:38.257566: Message: You cannot select a Participant if "Show all Quizzes" is selected, Trace:     pkgController.QuizController.onParticipantsClicked(QuizController.java:345)
    java.base/jdk.internal.reflect.NativeMethodAccessorImpl.invoke0(Native Method)
    java.base/jdk.internal.reflect.NativeMethodAccessorImpl.invoke(NativeMethodAccessorImpl.java:62)
    java.base/jdk.internal.reflect.DelegatingMethodAccessorImpl.invoke(DelegatingMethodAccessorImpl.java:43)
    java.base/java.lang.reflect.Method.invoke(Method.java:564)
2018-10-28T22:49:05.508203: Message: A participant has to be selected to perform this operation, Trace:     pkgController.QuizController.doFillTextFieldsQuiz(QuizController.java:741)
    pkgController.QuizController.onQuizClicked(QuizController.java:376)
    java.base/jdk.internal.reflect.NativeMethodAccessorImpl.invoke0(Native Method)
    java.base/jdk.internal.reflect.NativeMethodAccessorImpl.invoke(NativeMethodAccessorImpl.java:62)
    java.base/jdk.internal.reflect.DelegatingMethodAccessorImpl.invoke(DelegatingMethodAccessorImpl.java:43)
2018-10-28T22:49:06.769323: Message: A participant has to be selected to perform this operation, Trace:     pkgController.QuizController.doFillTextFieldsQuiz(QuizController.java:741)
    pkgController.QuizController.onQuizClicked(QuizController.java:376)
    java.base/jdk.internal.reflect.NativeMethodAccessorImpl.invoke0(Native Method)
    java.base/jdk.internal.reflect.NativeMethodAccessorImpl.invoke(NativeMethodAccessorImpl.java:62)
    java.base/jdk.internal.reflect.DelegatingMethodAccessorImpl.invoke(DelegatingMethodAccessorImpl.java:43)
2018-10-28T22:49:08.620284: Message: A participant has to be selected to perform this operation, Trace:     pkgController.QuizController.doFillTextFieldsQuiz(QuizController.java:741)
    pkgController.QuizController.onQuizClicked(QuizController.java:376)
    java.base/jdk.internal.reflect.NativeMethodAccessorImpl.invoke0(Native Method)
    java.base/jdk.internal.reflect.NativeMethodAccessorImpl.invoke(NativeMethodAccessorImpl.java:62)
    java.base/jdk.internal.reflect.DelegatingMethodAccessorImpl.invoke(DelegatingMethodAccessorImpl.java:43)
2018-10-28T22:51:37.631263: Message: ORA-00001: Unique Constraint (D4B12.PKTEST) verletzt
, Trace:     oracle.jdbc.driver.T4CTTIoer11.processError(T4CTTIoer11.java:494)
    oracle.jdbc.driver.T4CTTIoer11.processError(T4CTTIoer11.java:446)
    oracle.jdbc.driver.T4C8Oall.processError(T4C8Oall.java:1054)
    oracle.jdbc.driver.T4CTTIfun.receive(T4CTTIfun.java:623)
    oracle.jdbc.driver.T4CTTIfun.doRPC(T4CTTIfun.java:252)
2018-10-28T22:51:47.223508: Message: Quiz with id OEBB3 does not exist, Trace:     pkgData.Database.deleteQuiz(Database.java:364)
    pkgController.QuizController.doDeleteQuiz(QuizController.java:696)
    pkgController.QuizController.onSelectMenuQuiz(QuizController.java:232)
    java.base/jdk.internal.reflect.NativeMethodAccessorImpl.invoke0(Native Method)
    java.base/jdk.internal.reflect.NativeMethodAccessorImpl.invoke(NativeMethodAccessorImpl.java:62)
2018-10-28T22:51:53.572805: Message: Quiz with id OEBB3 does not exist, Trace:     pkgData.Database.deleteQuiz(Database.java:364)
    pkgController.QuizController.doDeleteQuiz(QuizController.java:696)
    pkgController.QuizController.onSelectMenuQuiz(QuizController.java:232)
    java.base/jdk.internal.reflect.NativeMethodAccessorImpl.invoke0(Native Method)
    java.base/jdk.internal.reflect.NativeMethodAccessorImpl.invoke(NativeMethodAccessorImpl.java:62)
2018-10-28T22:54:00.258952: Message: A participant has to be selected to perform this operation, Trace:     pkgController.QuizController.doRefreshListQuiz(QuizController.java:787)
    pkgController.QuizController.onSelectRadioButtonShowQuizzes(QuizController.java:332)
    java.base/jdk.internal.reflect.NativeMethodAccessorImpl.invoke0(Native Method)
    java.base/jdk.internal.reflect.NativeMethodAccessorImpl.invoke(NativeMethodAccessorImpl.java:62)
    java.base/jdk.internal.reflect.DelegatingMethodAccessorImpl.invoke(DelegatingMethodAccessorImpl.java:43)
2018-10-28T22:54:26.139652: Message: It's impossible to add a undone quiz to a participant, Trace:     pkgController.QuizController.doAddQuiz(QuizController.java:717)
    pkgController.QuizController.onSelectMenuQuiz(QuizController.java:229)
    java.base/jdk.internal.reflect.NativeMethodAccessorImpl.invoke0(Native Method)
    java.base/jdk.internal.reflect.NativeMethodAccessorImpl.invoke(NativeMethodAccessorImpl.java:62)
    java.base/jdk.internal.reflect.DelegatingMethodAccessorImpl.invoke(DelegatingMethodAccessorImpl.java:43)
2018-10-28T22:54:35.670901: Message: A participant has to be selected to perform this operation, Trace:     pkgController.QuizController.doRefreshListQuiz(QuizController.java:787)
    pkgController.QuizController.onSelectRadioButtonShowQuizzes(QuizController.java:332)
    java.base/jdk.internal.reflect.NativeMethodAccessorImpl.invoke0(Native Method)
    java.base/jdk.internal.reflect.NativeMethodAccessorImpl.invoke(NativeMethodAccessorImpl.java:62)
    java.base/jdk.internal.reflect.DelegatingMethodAccessorImpl.invoke(DelegatingMethodAccessorImpl.java:43)
2018-10-28T22:54:47.902215: Message: Quiz with id ALL does not exist, Trace:     pkgData.Database.deleteAllQuestions(Database.java:446)
    pkgData.Database.deleteQuiz(Database.java:378)
    pkgController.QuizController.doDeleteQuiz(QuizController.java:696)
    pkgController.QuizController.onSelectMenuQuiz(QuizController.java:232)
    java.base/jdk.internal.reflect.NativeMethodAccessorImpl.invoke0(Native Method)
2018-10-28T22:56:47.115839: Message: You cannot select a Participant if "Show all Quizzes" is selected, Trace:     pkgController.QuizController.onParticipantsClicked(QuizController.java:347)
    java.base/jdk.internal.reflect.NativeMethodAccessorImpl.invoke0(Native Method)
    java.base/jdk.internal.reflect.NativeMethodAccessorImpl.invoke(NativeMethodAccessorImpl.java:62)
    java.base/jdk.internal.reflect.DelegatingMethodAccessorImpl.invoke(DelegatingMethodAccessorImpl.java:43)
    java.base/java.lang.reflect.Method.invoke(Method.java:564)
2018-10-28T23:02:37.610249: Message: null, Trace:     pkgController.QuizController.onAnswersClicked(QuizController.java:397)
    java.base/jdk.internal.reflect.NativeMethodAccessorImpl.invoke0(Native Method)
    java.base/jdk.internal.reflect.NativeMethodAccessorImpl.invoke(NativeMethodAccessorImpl.java:62)
    java.base/jdk.internal.reflect.DelegatingMethodAccessorImpl.invoke(DelegatingMethodAccessorImpl.java:43)
    java.base/java.lang.reflect.Method.invoke(Method.java:564)
2018-10-28T23:04:14.116860: Message: ORA-00001: Unique Constraint (D4B12.PKTEST) verletzt
, Trace:     oracle.jdbc.driver.T4CTTIoer11.processError(T4CTTIoer11.java:494)
    oracle.jdbc.driver.T4CTTIoer11.processError(T4CTTIoer11.java:446)
    oracle.jdbc.driver.T4C8Oall.processError(T4C8Oall.java:1054)
    oracle.jdbc.driver.T4CTTIfun.receive(T4CTTIfun.java:623)
    oracle.jdbc.driver.T4CTTIfun.doRPC(T4CTTIfun.java:252)
2018-10-28T23:04:34.279782: Message: Participant with id 3 does not exist, Trace:     pkgData.Database.deleteParticipant(Database.java:281)
    pkgController.QuizController.doDeleteParticipant(QuizController.java:494)
    pkgController.QuizController.onSelectMenuParticipant(QuizController.java:214)
    java.base/jdk.internal.reflect.NativeMethodAccessorImpl.invoke0(Native Method)
    java.base/jdk.internal.reflect.NativeMethodAccessorImpl.invoke(NativeMethodAccessorImpl.java:62)
2018-10-28T23:04:38.712655: Message: Participant with id 3 does not exist, Trace:     pkgData.Database.deleteParticipant(Database.java:281)
    pkgController.QuizController.doDeleteParticipant(QuizController.java:494)
    pkgController.QuizController.onSelectMenuParticipant(QuizController.java:214)
    java.base/jdk.internal.reflect.NativeMethodAccessorImpl.invoke0(Native Method)
    java.base/jdk.internal.reflect.NativeMethodAccessorImpl.invoke(NativeMethodAccessorImpl.java:62)
2018-10-28T23:04:41.963098: Message: Participant with id 3 does not exist, Trace:     pkgData.Database.deleteParticipant(Database.java:281)
    pkgController.QuizController.doDeleteParticipant(QuizController.java:494)
    pkgController.QuizController.onSelectMenuParticipant(QuizController.java:214)
    java.base/jdk.internal.reflect.NativeMethodAccessorImpl.invoke0(Native Method)
    java.base/jdk.internal.reflect.NativeMethodAccessorImpl.invoke(NativeMethodAccessorImpl.java:62)
2018-10-28T23:05:20.939825: Message: Participant with id 3 does not exist, Trace:     pkgData.Database.deleteParticipant(Database.java:281)
    pkgController.QuizController.doDeleteParticipant(QuizController.java:494)
    pkgController.QuizController.onSelectMenuParticipant(QuizController.java:214)
    java.base/jdk.internal.reflect.NativeMethodAccessorImpl.invoke0(Native Method)
    java.base/jdk.internal.reflect.NativeMethodAccessorImpl.invoke(NativeMethodAccessorImpl.java:62)
2018-10-28T23:05:24.610598: Message: No value present, Trace:     java.base/java.util.Optional.get(Optional.java:151)
    pkgData.Database.selectAllTests(Database.java:132)
    pkgController.QuizController.doRefreshListQuiz(QuizController.java:776)
    pkgController.QuizController.onSelectRadioButtonShowQuizzes(QuizController.java:322)
    java.base/jdk.internal.reflect.NativeMethodAccessorImpl.invoke0(Native Method)
2018-10-28T23:05:27.269137: Message: No value present, Trace:     java.base/java.util.Optional.get(Optional.java:151)
    pkgData.Database.selectAllTests(Database.java:132)
    pkgController.QuizController.doRefreshListQuiz(QuizController.java:776)
    pkgController.QuizController.onSelectRadioButtonShowQuizzes(QuizController.java:322)
    java.base/jdk.internal.reflect.NativeMethodAccessorImpl.invoke0(Native Method)
2018-10-28T23:07:03.149695: Message: A quiz has to be selected to perform this operation, Trace:     pkgController.QuizController.doFillTextFieldsQuiz(QuizController.java:729)
    pkgController.QuizController.onQuizClicked(QuizController.java:363)
    java.base/jdk.internal.reflect.NativeMethodAccessorImpl.invoke0(Native Method)
    java.base/jdk.internal.reflect.NativeMethodAccessorImpl.invoke(NativeMethodAccessorImpl.java:62)
    java.base/jdk.internal.reflect.DelegatingMethodAccessorImpl.invoke(DelegatingMethodAccessorImpl.java:43)
2018-10-28T23:07:07.024384: Message: A quiz has to be selected to perform this operation, Trace:     pkgController.QuizController.doFillTextFieldsQuiz(QuizController.java:729)
    pkgController.QuizController.onQuizClicked(QuizController.java:363)
    java.base/jdk.internal.reflect.NativeMethodAccessorImpl.invoke0(Native Method)
    java.base/jdk.internal.reflect.NativeMethodAccessorImpl.invoke(NativeMethodAccessorImpl.java:62)
    java.base/jdk.internal.reflect.DelegatingMethodAccessorImpl.invoke(DelegatingMethodAccessorImpl.java:43)
2018-10-28T23:07:12.028075: Message: A quiz has to be selected to perform this operation, Trace:     pkgController.QuizController.doFillTextFieldsQuiz(QuizController.java:729)
    pkgController.QuizController.onQuizClicked(QuizController.java:363)
    java.base/jdk.internal.reflect.NativeMethodAccessorImpl.invoke0(Native Method)
    java.base/jdk.internal.reflect.NativeMethodAccessorImpl.invoke(NativeMethodAccessorImpl.java:62)
    java.base/jdk.internal.reflect.DelegatingMethodAccessorImpl.invoke(DelegatingMethodAccessorImpl.java:43)
2018-10-28T23:08:52.729317: Message: null, Trace:     pkgController.QuizController.doFillTextFieldsQuiz(QuizController.java:725)
    pkgController.QuizController.onQuizClicked(QuizController.java:363)
    java.base/jdk.internal.reflect.NativeMethodAccessorImpl.invoke0(Native Method)
    java.base/jdk.internal.reflect.NativeMethodAccessorImpl.invoke(NativeMethodAccessorImpl.java:62)
    java.base/jdk.internal.reflect.DelegatingMethodAccessorImpl.invoke(DelegatingMethodAccessorImpl.java:43)
2018-10-28T23:08:54.611466: Message: null, Trace:     pkgController.QuizController.onParticipantsClicked(QuizController.java:336)
    java.base/jdk.internal.reflect.NativeMethodAccessorImpl.invoke0(Native Method)
    java.base/jdk.internal.reflect.NativeMethodAccessorImpl.invoke(NativeMethodAccessorImpl.java:62)
    java.base/jdk.internal.reflect.DelegatingMethodAccessorImpl.invoke(DelegatingMethodAccessorImpl.java:43)
    java.base/java.lang.reflect.Method.invoke(Method.java:564)
2018-10-28T23:14:32.649940: Message: A participant has to be selected to perform this operation, Trace:     pkgController.QuizController.doAddQuestion(QuizController.java:603)
    pkgController.QuizController.onSelectMenuQuestion(QuizController.java:254)
    java.base/jdk.internal.reflect.NativeMethodAccessorImpl.invoke0(Native Method)
    java.base/jdk.internal.reflect.NativeMethodAccessorImpl.invoke(NativeMethodAccessorImpl.java:62)
    java.base/jdk.internal.reflect.DelegatingMethodAccessorImpl.invoke(DelegatingMethodAccessorImpl.java:43)
2018-10-28T23:14:36.071648: Message: A participant has to be selected to perform this operation, Trace:     pkgController.QuizController.doUpdateParticipant(QuizController.java:503)
    pkgController.QuizController.onSelectMenuParticipant(QuizController.java:211)
    java.base/jdk.internal.reflect.NativeMethodAccessorImpl.invoke0(Native Method)
    java.base/jdk.internal.reflect.NativeMethodAccessorImpl.invoke(NativeMethodAccessorImpl.java:62)
    java.base/jdk.internal.reflect.DelegatingMethodAccessorImpl.invoke(DelegatingMethodAccessorImpl.java:43)
2018-10-28T23:14:39.336595: Message: null, Trace:     pkgController.QuizController.doAddParticipant(QuizController.java:514)
    pkgController.QuizController.onSelectMenuParticipant(QuizController.java:208)
    java.base/jdk.internal.reflect.NativeMethodAccessorImpl.invoke0(Native Method)
    java.base/jdk.internal.reflect.NativeMethodAccessorImpl.invoke(NativeMethodAccessorImpl.java:62)
    java.base/jdk.internal.reflect.DelegatingMethodAccessorImpl.invoke(DelegatingMethodAccessorImpl.java:43)
2018-10-28T23:21:58.522265: Message: An database conenction has to be established to perform this operation, Trace:     pkgController.QuizController.doUpdateQuestion(QuizController.java:662)
    pkgController.QuizController.onSelectMenuQuestion(QuizController.java:260)
    java.base/jdk.internal.reflect.NativeMethodAccessorImpl.invoke0(Native Method)
    java.base/jdk.internal.reflect.NativeMethodAccessorImpl.invoke(NativeMethodAccessorImpl.java:62)
    java.base/jdk.internal.reflect.DelegatingMethodAccessorImpl.invoke(DelegatingMethodAccessorImpl.java:43)
2018-10-28T23:22:00.992961: Message: An database conenction has to be established to perform this operation, Trace:     pkgController.QuizController.doAddParticipant(QuizController.java:542)
    pkgController.QuizController.onSelectMenuParticipant(QuizController.java:208)
    java.base/jdk.internal.reflect.NativeMethodAccessorImpl.invoke0(Native Method)
    java.base/jdk.internal.reflect.NativeMethodAccessorImpl.invoke(NativeMethodAccessorImpl.java:62)
    java.base/jdk.internal.reflect.DelegatingMethodAccessorImpl.invoke(DelegatingMethodAccessorImpl.java:43)
2018-10-28T23:22:03.133871: Message: An database conenction has to be established to perform this operation, Trace:     pkgController.QuizController.onSelectMenuTransaction(QuizController.java:432)
    java.base/jdk.internal.reflect.NativeMethodAccessorImpl.invoke0(Native Method)
    java.base/jdk.internal.reflect.NativeMethodAccessorImpl.invoke(NativeMethodAccessorImpl.java:62)
    java.base/jdk.internal.reflect.DelegatingMethodAccessorImpl.invoke(DelegatingMethodAccessorImpl.java:43)
    java.base/java.lang.reflect.Method.invoke(Method.java:564)
2018-10-28T23:22:26.309923: Message: null, Trace:     pkgData.Database.selectAllAnswers(Database.java:203)
    pkgController.QuizController.onQuestionClicked(QuizController.java:392)
    java.base/jdk.internal.reflect.NativeMethodAccessorImpl.invoke0(Native Method)
    java.base/jdk.internal.reflect.NativeMethodAccessorImpl.invoke(NativeMethodAccessorImpl.java:62)
    java.base/jdk.internal.reflect.DelegatingMethodAccessorImpl.invoke(DelegatingMethodAccessorImpl.java:43)
2018-10-28T23:22:29.763311: Message: null, Trace:     pkgData.Database.selectAllAnswers(Database.java:203)
    pkgController.QuizController.onQuestionClicked(QuizController.java:392)
    java.base/jdk.internal.reflect.NativeMethodAccessorImpl.invoke0(Native Method)
    java.base/jdk.internal.reflect.NativeMethodAccessorImpl.invoke(NativeMethodAccessorImpl.java:62)
    java.base/jdk.internal.reflect.DelegatingMethodAccessorImpl.invoke(DelegatingMethodAccessorImpl.java:43)
2018-10-28T23:22:32.876130: Message: A quiz has to be selected to perform this operation, Trace:     pkgController.QuizController.doRefreshListQuestions(QuizController.java:763)
    pkgController.QuizController.onQuizClicked(QuizController.java:373)
    java.base/jdk.internal.reflect.NativeMethodAccessorImpl.invoke0(Native Method)
    java.base/jdk.internal.reflect.NativeMethodAccessorImpl.invoke(NativeMethodAccessorImpl.java:62)
    java.base/jdk.internal.reflect.DelegatingMethodAccessorImpl.invoke(DelegatingMethodAccessorImpl.java:43)
2018-10-28T23:22:34.627291: Message: A quiz has to be selected to perform this operation, Trace:     pkgController.QuizController.doRefreshListQuestions(QuizController.java:763)
    pkgController.QuizController.onQuizClicked(QuizController.java:373)
    java.base/jdk.internal.reflect.NativeMethodAccessorImpl.invoke0(Native Method)
    java.base/jdk.internal.reflect.NativeMethodAccessorImpl.invoke(NativeMethodAccessorImpl.java:62)
    java.base/jdk.internal.reflect.DelegatingMethodAccessorImpl.invoke(DelegatingMethodAccessorImpl.java:43)
2018-10-28T23:55:48.068790: Message: A participant has to be selected to perform this operation, Trace:     pkgController.QuizController.doRefreshListQuiz(QuizController.java:854)
    pkgController.QuizController.onSelectRadioButtonShowQuizzes(QuizController.java:323)
    java.base/jdk.internal.reflect.NativeMethodAccessorImpl.invoke0(Native Method)
    java.base/jdk.internal.reflect.NativeMethodAccessorImpl.invoke(NativeMethodAccessorImpl.java:62)
    java.base/jdk.internal.reflect.DelegatingMethodAccessorImpl.invoke(DelegatingMethodAccessorImpl.java:43)
2018-10-29T08:52:51.517985: Message: I/O-Fehler: The Network Adapter could not establish the connection, Trace:     oracle.jdbc.driver.T4CConnection.logon(T4CConnection.java:774)
    oracle.jdbc.driver.PhysicalConnection.connect(PhysicalConnection.java:688)
    oracle.jdbc.driver.T4CDriverExtension.getConnection(T4CDriverExtension.java:39)
    oracle.jdbc.driver.OracleDriver.connect(OracleDriver.java:691)
    java.sql/java.sql.DriverManager.getConnection(DriverManager.java:678)
2018-10-29T08:55:20.162113: Message: ORA-00001: Unique Constraint (D4B12.PKTEST) verletzt
, Trace:     oracle.jdbc.driver.T4CTTIoer11.processError(T4CTTIoer11.java:494)
    oracle.jdbc.driver.T4CTTIoer11.processError(T4CTTIoer11.java:446)
    oracle.jdbc.driver.T4C8Oall.processError(T4C8Oall.java:1054)
    oracle.jdbc.driver.T4CTTIfun.receive(T4CTTIfun.java:623)
    oracle.jdbc.driver.T4CTTIfun.doRPC(T4CTTIfun.java:252)
2018-10-29T11:31:40.795618: Message: An database conenction has to be established to perform this operation, Trace:     pkgController.QuizController.onParticipantsClicked(QuizController.java:341)
    java.base/jdk.internal.reflect.NativeMethodAccessorImpl.invoke0(Native Method)
    java.base/jdk.internal.reflect.NativeMethodAccessorImpl.invoke(NativeMethodAccessorImpl.java:62)
    java.base/jdk.internal.reflect.DelegatingMethodAccessorImpl.invoke(DelegatingMethodAccessorImpl.java:43)
    java.base/java.lang.reflect.Method.invoke(Method.java:564)
2018-10-29T11:31:53.289013: Message: An database conenction has to be established to perform this operation, Trace:     pkgController.QuizController.onParticipantsClicked(QuizController.java:341)
    java.base/jdk.internal.reflect.NativeMethodAccessorImpl.invoke0(Native Method)
    java.base/jdk.internal.reflect.NativeMethodAccessorImpl.invoke(NativeMethodAccessorImpl.java:62)
    java.base/jdk.internal.reflect.DelegatingMethodAccessorImpl.invoke(DelegatingMethodAccessorImpl.java:43)
    java.base/java.lang.reflect.Method.invoke(Method.java:564)
2018-10-30T09:30:06.294593: Message: An database conenction has to be established to perform this operation, Trace:     pkgController.QuizController.onParticipantsClicked(QuizController.java:346)
    java.base/jdk.internal.reflect.NativeMethodAccessorImpl.invoke0(Native Method)
    java.base/jdk.internal.reflect.NativeMethodAccessorImpl.invoke(NativeMethodAccessorImpl.java:62)
    java.base/jdk.internal.reflect.DelegatingMethodAccessorImpl.invoke(DelegatingMethodAccessorImpl.java:43)
    java.base/java.lang.reflect.Method.invoke(Method.java:564)
