2018-11-09T09:36:13.604812: Message: ORA-00947: Anzahl der Werte reicht nicht aus
, Trace:     ojdbc8/oracle.jdbc.driver.T4CTTIoer11.processError(T4CTTIoer11.java:494)
    ojdbc8/oracle.jdbc.driver.T4CTTIoer11.processError(T4CTTIoer11.java:446)
    ojdbc8/oracle.jdbc.driver.T4C8Oall.processError(T4C8Oall.java:1054)
    ojdbc8/oracle.jdbc.driver.T4CTTIfun.receive(T4CTTIfun.java:623)
    ojdbc8/oracle.jdbc.driver.T4CTTIfun.doRPC(T4CTTIfun.java:252)
2018-11-09T09:37:42.798602: Message: I/O-Fehler: The Network Adapter could not establish the connection, Trace:     ojdbc8/oracle.jdbc.driver.T4CConnection.logon(T4CConnection.java:774)
    ojdbc8/oracle.jdbc.driver.PhysicalConnection.connect(PhysicalConnection.java:688)
    ojdbc8/oracle.jdbc.driver.T4CDriverExtension.getConnection(T4CDriverExtension.java:39)
    ojdbc8/oracle.jdbc.driver.OracleDriver.connect(OracleDriver.java:691)
    java.sql/java.sql.DriverManager.getConnection(DriverManager.java:678)
2018-11-09T09:54:52.312587: Message: null, Trace:     pkgController.MainController.onSelectButton(MainController.java:120)
    java.base/jdk.internal.reflect.NativeMethodAccessorImpl.invoke0(Native Method)
    java.base/jdk.internal.reflect.NativeMethodAccessorImpl.invoke(NativeMethodAccessorImpl.java:62)
    java.base/jdk.internal.reflect.DelegatingMethodAccessorImpl.invoke(DelegatingMethodAccessorImpl.java:43)
    java.base/java.lang.reflect.Method.invoke(Method.java:564)
2018-11-09T09:55:35.440133: Message: null, Trace:     pkgController.MainController.onSelectButton(MainController.java:120)
    java.base/jdk.internal.reflect.NativeMethodAccessorImpl.invoke0(Native Method)
    java.base/jdk.internal.reflect.NativeMethodAccessorImpl.invoke(NativeMethodAccessorImpl.java:62)
    java.base/jdk.internal.reflect.DelegatingMethodAccessorImpl.invoke(DelegatingMethodAccessorImpl.java:43)
    java.base/java.lang.reflect.Method.invoke(Method.java:564)
2018-11-09T09:57:42.686995: Message: null, Trace:     pkgController.MainController.onSelectButton(MainController.java:120)
    java.base/jdk.internal.reflect.NativeMethodAccessorImpl.invoke0(Native Method)
    java.base/jdk.internal.reflect.NativeMethodAccessorImpl.invoke(NativeMethodAccessorImpl.java:62)
    java.base/jdk.internal.reflect.DelegatingMethodAccessorImpl.invoke(DelegatingMethodAccessorImpl.java:43)
    java.base/java.lang.reflect.Method.invoke(Method.java:564)
2018-11-09T12:26:37.655271: Message: Name must be longer than 2, Trace:     pkgController.MainController.onSelectButton(MainController.java:109)
    java.base/jdk.internal.reflect.NativeMethodAccessorImpl.invoke0(Native Method)
    java.base/jdk.internal.reflect.NativeMethodAccessorImpl.invoke(NativeMethodAccessorImpl.java:62)
    java.base/jdk.internal.reflect.DelegatingMethodAccessorImpl.invoke(DelegatingMethodAccessorImpl.java:43)
    java.base/java.lang.reflect.Method.invoke(Method.java:564)
2018-11-09T12:30:03.708818: Message: No value present, Trace:     java.base/java.util.Optional.get(Optional.java:151)
    pkgData.Database.getNextQuestion(Database.java:102)
    pkgController.MainController.doDisplayNextQuestion(MainController.java:162)
    pkgController.MainController.onSelectButton(MainController.java:115)
    java.base/jdk.internal.reflect.NativeMethodAccessorImpl.invoke0(Native Method)
2018-11-11T22:22:04.102134: Message: Name must be longer than 2, Trace:     pkgController.MainController.onSelectButton(MainController.java:109)
    java.base/jdk.internal.reflect.NativeMethodAccessorImpl.invoke0(Native Method)
    java.base/jdk.internal.reflect.NativeMethodAccessorImpl.invoke(NativeMethodAccessorImpl.java:62)
    java.base/jdk.internal.reflect.DelegatingMethodAccessorImpl.invoke(DelegatingMethodAccessorImpl.java:43)
    java.base/java.lang.reflect.Method.invoke(Method.java:564)
2018-11-11T22:22:09.289646: Message: I/O-Fehler: The Network Adapter could not establish the connection, Trace:     ojdbc8/oracle.jdbc.driver.T4CConnection.logon(T4CConnection.java:774)
    ojdbc8/oracle.jdbc.driver.PhysicalConnection.connect(PhysicalConnection.java:688)
    ojdbc8/oracle.jdbc.driver.T4CDriverExtension.getConnection(T4CDriverExtension.java:39)
    ojdbc8/oracle.jdbc.driver.OracleDriver.connect(OracleDriver.java:691)
    java.sql/java.sql.DriverManager.getConnection(DriverManager.java:678)
2018-11-11T22:23:28.497983: Message: An answer has to be selected, Trace:     pkgController.MainController.onSelectButton(MainController.java:115)
    java.base/jdk.internal.reflect.NativeMethodAccessorImpl.invoke0(Native Method)
    java.base/jdk.internal.reflect.NativeMethodAccessorImpl.invoke(NativeMethodAccessorImpl.java:62)
    java.base/jdk.internal.reflect.DelegatingMethodAccessorImpl.invoke(DelegatingMethodAccessorImpl.java:43)
    java.base/java.lang.reflect.Method.invoke(Method.java:564)
2018-11-11T22:23:56.728694: Message: null, Trace:     pkgData.Database.selectAllAnswers(Database.java:56)
    pkgController.MainController.doDisplayNextQuestion(MainController.java:173)
    pkgController.MainController.onSelectButton(MainController.java:116)
    java.base/jdk.internal.reflect.NativeMethodAccessorImpl.invoke0(Native Method)
    java.base/jdk.internal.reflect.NativeMethodAccessorImpl.invoke(NativeMethodAccessorImpl.java:62)
2018-11-11T22:47:11.274777: Message: The entered participate name has to be longer than 2 characters., Trace:     pkgController.MainController.onSelectButton(MainController.java:119)
    java.base/jdk.internal.reflect.NativeMethodAccessorImpl.invoke0(Native Method)
    java.base/jdk.internal.reflect.NativeMethodAccessorImpl.invoke(NativeMethodAccessorImpl.java:62)
    java.base/jdk.internal.reflect.DelegatingMethodAccessorImpl.invoke(DelegatingMethodAccessorImpl.java:43)
    java.base/java.lang.reflect.Method.invoke(Method.java:564)
2018-11-11T22:48:08.421504: Message: The entered participate name has to be longer than 2 characters., Trace:     pkgController.MainController.onSelectButton(MainController.java:119)
    java.base/jdk.internal.reflect.NativeMethodAccessorImpl.invoke0(Native Method)
    java.base/jdk.internal.reflect.NativeMethodAccessorImpl.invoke(NativeMethodAccessorImpl.java:62)
    java.base/jdk.internal.reflect.DelegatingMethodAccessorImpl.invoke(DelegatingMethodAccessorImpl.java:43)
    java.base/java.lang.reflect.Method.invoke(Method.java:564)
2018-11-11T22:48:13.568817: Message: A connection to the database has to be accomplished. Please enter an IP addres or check your network connection., Trace:     pkgController.MainController.onSelectButton(MainController.java:121)
    java.base/jdk.internal.reflect.NativeMethodAccessorImpl.invoke0(Native Method)
    java.base/jdk.internal.reflect.NativeMethodAccessorImpl.invoke(NativeMethodAccessorImpl.java:62)
    java.base/jdk.internal.reflect.DelegatingMethodAccessorImpl.invoke(DelegatingMethodAccessorImpl.java:43)
    java.base/java.lang.reflect.Method.invoke(Method.java:564)
2018-11-11T22:48:17.712414: Message: A connection to the database has to be accomplished. Please enter an IP addres or check your network connection., Trace:     pkgController.MainController.onSelectButton(MainController.java:121)
    java.base/jdk.internal.reflect.NativeMethodAccessorImpl.invoke0(Native Method)
    java.base/jdk.internal.reflect.NativeMethodAccessorImpl.invoke(NativeMethodAccessorImpl.java:62)
    java.base/jdk.internal.reflect.DelegatingMethodAccessorImpl.invoke(DelegatingMethodAccessorImpl.java:43)
    java.base/java.lang.reflect.Method.invoke(Method.java:564)
2018-11-11T22:48:21.014495: Message: A connection to the database has to be accomplished. Please enter an IP addres or check your network connection., Trace:     pkgController.MainController.onSelectButton(MainController.java:121)
    java.base/jdk.internal.reflect.NativeMethodAccessorImpl.invoke0(Native Method)
    java.base/jdk.internal.reflect.NativeMethodAccessorImpl.invoke(NativeMethodAccessorImpl.java:62)
    java.base/jdk.internal.reflect.DelegatingMethodAccessorImpl.invoke(DelegatingMethodAccessorImpl.java:43)
    java.base/java.lang.reflect.Method.invoke(Method.java:564)
2018-11-11T22:55:20.519160: Message: An IP address for the database has to be entered. It can be either be selected by the provided dropdown list or entered manually., Trace:     pkgController.MainController.onSelectButton(MainController.java:122)
    java.base/jdk.internal.reflect.NativeMethodAccessorImpl.invoke0(Native Method)
    java.base/jdk.internal.reflect.NativeMethodAccessorImpl.invoke(NativeMethodAccessorImpl.java:62)
    java.base/jdk.internal.reflect.DelegatingMethodAccessorImpl.invoke(DelegatingMethodAccessorImpl.java:43)
    java.base/java.lang.reflect.Method.invoke(Method.java:564)
2018-11-12T22:14:02.811781: Message: The entered participate name has to be longer than 2 characters., Trace:     pkgController.MainController.onSelectButton(MainController.java:127)
    java.base/jdk.internal.reflect.NativeMethodAccessorImpl.invoke0(Native Method)
    java.base/jdk.internal.reflect.NativeMethodAccessorImpl.invoke(NativeMethodAccessorImpl.java:62)
    java.base/jdk.internal.reflect.DelegatingMethodAccessorImpl.invoke(DelegatingMethodAccessorImpl.java:43)
    java.base/java.lang.reflect.Method.invoke(Method.java:564)
2018-11-12T22:16:25.448363: Message: asdf: nodename nor servname provided, or not known, Trace:     java.base/java.net.Inet6AddressImpl.lookupAllHostAddr(Native Method)
    java.base/java.net.InetAddress$PlatformNameService.lookupAllHostAddr(InetAddress.java:924)
    java.base/java.net.InetAddress.getAddressesFromNameService(InetAddress.java:1504)
    java.base/java.net.InetAddress$NameServiceAddresses.get(InetAddress.java:843)
    java.base/java.net.InetAddress.getAllByName0(InetAddress.java:1494)
2018-11-12T22:17:36.952492: Message: I/O-Fehler: The Network Adapter could not establish the connection, Trace:     ojdbc8/oracle.jdbc.driver.T4CConnection.logon(T4CConnection.java:774)
    ojdbc8/oracle.jdbc.driver.PhysicalConnection.connect(PhysicalConnection.java:688)
    ojdbc8/oracle.jdbc.driver.T4CDriverExtension.getConnection(T4CDriverExtension.java:39)
    ojdbc8/oracle.jdbc.driver.OracleDriver.connect(OracleDriver.java:691)
    java.sql/java.sql.DriverManager.getConnection(DriverManager.java:678)
2018-11-12T22:18:01.830526: Message: Invalid IP addres. Be sure it has the format xxx.xxx.xxx.xxx, Trace:     pkgController.MainController.onSelectButton(MainController.java:133)
    java.base/jdk.internal.reflect.NativeMethodAccessorImpl.invoke0(Native Method)
    java.base/jdk.internal.reflect.NativeMethodAccessorImpl.invoke(NativeMethodAccessorImpl.java:62)
    java.base/jdk.internal.reflect.DelegatingMethodAccessorImpl.invoke(DelegatingMethodAccessorImpl.java:43)
    java.base/java.lang.reflect.Method.invoke(Method.java:564)
2018-11-12T23:28:40.008687: Message: "212.152.179.117" could not be parsed. Please enter a valid IPv4 addres. Be sure it has the format xxx.xxx.xxx.xxx, Trace:     pkgController.MainController.checkInputBeforeStart(MainController.java:205)
    pkgController.MainController.onSelectButton(MainController.java:135)
    java.base/jdk.internal.reflect.NativeMethodAccessorImpl.invoke0(Native Method)
    java.base/jdk.internal.reflect.NativeMethodAccessorImpl.invoke(NativeMethodAccessorImpl.java:62)
    java.base/jdk.internal.reflect.DelegatingMethodAccessorImpl.invoke(DelegatingMethodAccessorImpl.java:43)
2018-11-12T23:30:08.561653: Message: "212.152.179.117" could not be parsed. Please enter a valid IPv4 addres. Be sure it has the format xxx.xxx.xxx.xxx, Trace:     pkgController.MainController.checkInputBeforeStart(MainController.java:205)
    pkgController.MainController.onSelectButton(MainController.java:135)
    java.base/jdk.internal.reflect.NativeMethodAccessorImpl.invoke0(Native Method)
    java.base/jdk.internal.reflect.NativeMethodAccessorImpl.invoke(NativeMethodAccessorImpl.java:62)
    java.base/jdk.internal.reflect.DelegatingMethodAccessorImpl.invoke(DelegatingMethodAccessorImpl.java:43)
2018-11-12T23:31:27.998658: Message: Fehlender IN- oder OUT-Parameter auf Index:: 1, Trace:     ojdbc8/oracle.jdbc.driver.OraclePreparedStatement.processCompletedBindRow(OraclePreparedStatement.java:2086)
    ojdbc8/oracle.jdbc.driver.OraclePreparedStatement.executeInternal(OraclePreparedStatement.java:3772)
    ojdbc8/oracle.jdbc.driver.T4CPreparedStatement.executeInternal(T4CPreparedStatement.java:1343)
    ojdbc8/oracle.jdbc.driver.OraclePreparedStatement.executeQuery(OraclePreparedStatement.java:3822)
    ojdbc8/oracle.jdbc.driver.OraclePreparedStatementWrapper.executeQuery(OraclePreparedStatementWrapper.java:1165)
2018-11-12T23:36:43.239418: Message: ORA-01791: Kein mit SELECT ausgewählter Ausdruck
, Trace:     ojdbc8/oracle.jdbc.driver.T4CTTIoer11.processError(T4CTTIoer11.java:494)
    ojdbc8/oracle.jdbc.driver.T4CTTIoer11.processError(T4CTTIoer11.java:446)
    ojdbc8/oracle.jdbc.driver.T4C8Oall.processError(T4C8Oall.java:1054)
    ojdbc8/oracle.jdbc.driver.T4CTTIfun.receive(T4CTTIfun.java:623)
    ojdbc8/oracle.jdbc.driver.T4CTTIfun.doRPC(T4CTTIfun.java:252)
